<?xml version="1.0" encoding="UTF-8"?>
<testng-results ignored="0" total="1" passed="1" failed="0" skipped="0">
  <reporter-output>
  </reporter-output>
  <suite started-at="2018-11-09T10:57:40Z" name="TestNG.XML" finished-at="2018-11-09T10:57:50Z" duration-ms="10096">
    <groups>
    </groups>
    <test started-at="2018-11-09T10:57:40Z" name="Testng" finished-at="2018-11-09T10:57:50Z" duration-ms="10096">
      <class name="com.inetbanking.testcases.Tc_login_001">
        <test-method is-config="true" signature="setup()[pri:0, instance:com.inetbanking.testcases.Tc_login_001@3571b748]" started-at="2018-11-09T10:57:40Z" name="setup" finished-at="2018-11-09T10:57:45Z" duration-ms="4822" status="PASS">
          <reporter-output>
          </reporter-output>
        </test-method> <!-- setup -->
        <test-method signature="logintest()[pri:0, instance:com.inetbanking.testcases.Tc_login_001@3571b748]" started-at="2018-11-09T10:57:45Z" name="logintest" finished-at="2018-11-09T10:57:50Z" duration-ms="4477" status="PASS">
          <reporter-output>
          </reporter-output>
        </test-method> <!-- logintest -->
        <test-method is-config="true" signature="teardown()[pri:0, instance:com.inetbanking.testcases.Tc_login_001@3571b748]" started-at="2018-11-09T10:57:50Z" name="teardown" finished-at="2018-11-09T10:57:50Z" duration-ms="763" status="PASS">
          <reporter-output>
          </reporter-output>
        </test-method> <!-- teardown -->
      </class> <!-- com.inetbanking.testcases.Tc_login_001 -->
    </test> <!-- Testng -->
  </suite> <!-- TestNG.XML -->
</testng-results>
