<?xml version="1.0" encoding="UTF-8"?>
<testng-results skipped="0" failed="0" ignored="0" total="1" passed="1">
  <reporter-output>
  </reporter-output>
  <suite name="Default suite" duration-ms="13859" started-at="2019-01-23T12:23:44Z" finished-at="2019-01-23T12:23:58Z">
    <groups>
    </groups>
    <test name="Default test" duration-ms="13859" started-at="2019-01-23T12:23:44Z" finished-at="2019-01-23T12:23:58Z">
      <class name="com.inetbanking.utilities.ExtentReport">
        <test-method status="PASS" signature="startTest()[pri:0, instance:com.inetbanking.utilities.ExtentReport@7cd62f43]" name="startTest" is-config="true" duration-ms="354" started-at="2019-01-23T12:23:44Z" finished-at="2019-01-23T12:23:44Z">
          <reporter-output>
          </reporter-output>
        </test-method> <!-- startTest -->
        <test-method status="PASS" signature="extentReportsDemo()[pri:0, instance:com.inetbanking.utilities.ExtentReport@7cd62f43]" name="extentReportsDemo" duration-ms="9849" started-at="2019-01-23T12:23:44Z" finished-at="2019-01-23T12:23:54Z">
          <reporter-output>
          </reporter-output>
        </test-method> <!-- extentReportsDemo -->
        <test-method status="PASS" signature="endTest()[pri:0, instance:com.inetbanking.utilities.ExtentReport@7cd62f43]" name="endTest" is-config="true" duration-ms="650" started-at="2019-01-23T12:23:54Z" finished-at="2019-01-23T12:23:55Z">
          <reporter-output>
          </reporter-output>
        </test-method> <!-- endTest -->
        <test-method status="PASS" signature="teardown()[pri:0, instance:com.inetbanking.utilities.ExtentReport@7cd62f43]" name="teardown" is-config="true" duration-ms="2938" started-at="2019-01-23T12:23:55Z" finished-at="2019-01-23T12:23:58Z">
          <reporter-output>
          </reporter-output>
        </test-method> <!-- teardown -->
      </class> <!-- com.inetbanking.utilities.ExtentReport -->
    </test> <!-- Default test -->
  </suite> <!-- Default suite -->
</testng-results>
